2022-12-20 19:50:02,793 DEBUG ÔË¯Î‡ ÍÓÏ‡Ì‰‡ start ÓÚ 505034770
2022-12-20 19:50:02,794 INFO ÔË¯Î‡ ÍÓÏ‡Ì‰‡ start ÓÚ 505034770
2022-12-20 20:15:49,792 DEBUG –ø—Ä–∏—à–ª–∞ –∫–æ–º–∞–Ω–¥–∞ start –æ—Ç 505034770
2022-12-20 20:15:49,793 INFO –ø—Ä–∏—à–ª–∞ –∫–æ–º–∞–Ω–¥–∞ start –æ—Ç 505034770
2022-12-21 00:35:46,423 DEBUG –ø—Ä–∏—à–ª–∞ –∫–æ–º–∞–Ω–¥–∞ start –æ—Ç 505034770
2022-12-21 00:35:46,423 INFO –ø—Ä–∏—à–ª–∞ –∫–æ–º–∞–Ω–¥–∞ start –æ—Ç 505034770
2022-12-21 02:34:17,042 DEBUG –ø—Ä–∏—à–ª–∞ –∫–æ–º–∞–Ω–¥–∞ start –æ—Ç 505034770
2022-12-21 02:34:17,043 INFO –ø—Ä–∏—à–ª–∞ –∫–æ–º–∞–Ω–¥–∞ start –æ—Ç 505034770
2022-12-21 02:36:31,933 DEBUG –ø—Ä–∏—à–ª–∞ –∫–æ–º–∞–Ω–¥–∞ start –æ—Ç 505034770
2022-12-21 02:36:31,933 INFO –ø—Ä–∏—à–ª–∞ –∫–æ–º–∞–Ω–¥–∞ start –æ—Ç 505034770
2022-12-28 16:59:40,723 INFO –ø—Ä–∏—à–ª–∞ –∫–æ–º–∞–Ω–¥–∞ start –æ—Ç 505034770
2022-12-28 17:00:25,639 INFO –î–æ–±–∞–≤–ª–µ–Ω–∞ –∑–∞–¥–∞—á–∞ –¥–ª—è –ø–æ–ª—å–∑–æ–≤–∞—Ç–µ–ª—è 505034770
2022-12-28 17:00:49,628 INFO –î–æ–±–∞–≤–ª–µ–Ω–∞ –∑–∞–¥–∞—á–∞ –¥–ª—è –ø–æ–ª—å–∑–æ–≤–∞—Ç–µ–ª—è 505034770
2022-12-28 17:54:47,565 INFO –ø—Ä–∏—à–ª–∞ –∫–æ–º–∞–Ω–¥–∞ start –æ—Ç 505034770
2022-12-28 17:55:01,409 INFO –î–æ–±–∞–≤–ª–µ–Ω–∞ –∑–∞–¥–∞—á–∞ –¥–ª—è –ø–æ–ª—å–∑–æ–≤–∞—Ç–µ–ª—è 505034770
2022-12-28 18:05:15,674 INFO –î–æ–±–∞–≤–ª–µ–Ω–∞ –∑–∞–¥–∞—á–∞ –¥–ª—è –ø–æ–ª—å–∑–æ–≤–∞—Ç–µ–ª—è 505034770
2022-12-29 21:16:04,321 INFO –ø—Ä–∏—à–ª–∞ –∫–æ–º–∞–Ω–¥–∞ start –æ—Ç 505034770
2022-12-29 21:23:51,692 INFO –î–æ–±–∞–≤–ª–µ–Ω–∞ –∑–∞–¥–∞—á–∞ –¥–ª—è –ø–æ–ª—å–∑–æ–≤–∞—Ç–µ–ª—è 505034770
2022-12-29 21:25:20,131 INFO –î–æ–±–∞–≤–ª–µ–Ω–∞ –∑–∞–¥–∞—á–∞ –¥–ª—è –ø–æ–ª—å–∑–æ–≤–∞—Ç–µ–ª—è 505034770
2022-12-29 21:37:23,082 INFO –ø—Ä–∏—à–ª–∞ –∫–æ–º–∞–Ω–¥–∞ start –æ—Ç 505034770
2022-12-29 21:40:09,451 INFO –î–æ–±–∞–≤–ª–µ–Ω–∞ –∑–∞–¥–∞—á–∞ –¥–ª—è –ø–æ–ª—å–∑–æ–≤–∞—Ç–µ–ª—è 505034770
2022-12-29 21:41:38,060 INFO –î–æ–±–∞–≤–ª–µ–Ω–∞ –∑–∞–¥–∞—á–∞ –¥–ª—è –ø–æ–ª—å–∑–æ–≤–∞—Ç–µ–ª—è 505034770
2022-12-29 22:33:52,340 INFO –î–æ–±–∞–≤–ª–µ–Ω–∞ –∑–∞–¥–∞—á–∞ –¥–ª—è –ø–æ–ª—å–∑–æ–≤–∞—Ç–µ–ª—è 298946720
2022-12-29 23:37:56,253 INFO –î–æ–±–∞–≤–ª–µ–Ω–∞ –∑–∞–¥–∞—á–∞ –¥–ª—è –ø–æ–ª—å–∑–æ–≤–∞—Ç–µ–ª—è 505034770
2022-12-29 23:39:05,998 INFO –î–æ–±–∞–≤–ª–µ–Ω–∞ –∑–∞–¥–∞—á–∞ –¥–ª—è –ø–æ–ª—å–∑–æ–≤–∞—Ç–µ–ª—è 505034770
2022-12-29 23:42:32,611 INFO –î–æ–±–∞–≤–ª–µ–Ω–∞ –∑–∞–¥–∞—á–∞ –¥–ª—è –ø–æ–ª—å–∑–æ–≤–∞—Ç–µ–ª—è 505034770
2022-12-29 23:57:29,499 INFO –î–æ–±–∞–≤–ª–µ–Ω–∞ –∑–∞–¥–∞—á–∞ –¥–ª—è –ø–æ–ª—å–∑–æ–≤–∞—Ç–µ–ª—è 505034770
2022-12-30 00:20:46,677 INFO –î–æ–±–∞–≤–ª–µ–Ω–∞ –∑–∞–¥–∞—á–∞ –¥–ª—è –ø–æ–ª—å–∑–æ–≤–∞—Ç–µ–ª—è 505034770
2022-12-30 00:41:53,480 INFO –î–æ–±–∞–≤–ª–µ–Ω–∞ –∑–∞–¥–∞—á–∞ –¥–ª—è –ø–æ–ª—å–∑–æ–≤–∞—Ç–µ–ª—è 505034770
2022-12-30 00:43:55,268 INFO –î–æ–±–∞–≤–ª–µ–Ω–∞ –∑–∞–¥–∞—á–∞ –¥–ª—è –ø–æ–ª—å–∑–æ–≤–∞—Ç–µ–ª—è 505034770
2022-12-30 09:00:35,358 INFO –ø—Ä–∏—à–ª–∞ –∫–æ–º–∞–Ω–¥–∞ start –æ—Ç 505034770
2022-12-30 11:48:16,247 INFO –î–æ–±–∞–≤–ª–µ–Ω–∞ –∑–∞–¥–∞—á–∞ –¥–ª—è –ø–æ–ª—å–∑–æ–≤–∞—Ç–µ–ª—è 421831100
2022-12-30 21:36:15,541 INFO –ø—Ä–∏—à–ª–∞ –∫–æ–º–∞–Ω–¥–∞ start –æ—Ç 298946720
2022-12-30 21:36:46,651 INFO –ø—Ä–∏—à–ª–∞ –∫–æ–º–∞–Ω–¥–∞ start –æ—Ç 298946720
2022-12-30 21:36:46,734 INFO –ø—Ä–∏—à–ª–∞ –∫–æ–º–∞–Ω–¥–∞ start –æ—Ç 298946720
2022-12-30 21:37:42,559 INFO –î–æ–±–∞–≤–ª–µ–Ω–∞ –∑–∞–¥–∞—á–∞ –¥–ª—è –ø–æ–ª—å–∑–æ–≤–∞—Ç–µ–ª—è 298946720
2022-12-30 21:37:58,602 INFO –ø—Ä–∏—à–ª–∞ –∫–æ–º–∞–Ω–¥–∞ start –æ—Ç 298946720
2022-12-30 21:38:50,028 INFO –ø—Ä–∏—à–ª–∞ –∫–æ–º–∞–Ω–¥–∞ start –æ—Ç 298946720
2023-01-06 15:24:46,172 INFO –ø—Ä–∏—à–ª–∞ –∫–æ–º–∞–Ω–¥–∞ start –æ—Ç 719976620
2023-01-06 15:25:05,647 INFO –ø—Ä–∏—à–ª–∞ –∫–æ–º–∞–Ω–¥–∞ start –æ—Ç 719976620
2023-01-06 15:25:31,239 INFO –ø—Ä–∏—à–ª–∞ –∫–æ–º–∞–Ω–¥–∞ start –æ—Ç 719976620
2023-02-06 15:11:18,551 INFO –ø—Ä–∏—à–ª–∞ –∫–æ–º–∞–Ω–¥–∞ start –æ—Ç 505034770
2023-02-06 15:11:51,344 INFO –ø—Ä–∏—à–ª–∞ –∫–æ–º–∞–Ω–¥–∞ start –æ—Ç 505034770
2023-02-06 15:12:27,378 INFO –ø—Ä–∏—à–ª–∞ –∫–æ–º–∞–Ω–¥–∞ start –æ—Ç 2139803840
2023-02-06 15:19:51,583 INFO –ø—Ä–∏—à–ª–∞ –∫–æ–º–∞–Ω–¥–∞ start –æ—Ç 2139803840
2023-02-06 15:25:07,387 INFO –ø—Ä–∏—à–ª–∞ –∫–æ–º–∞–Ω–¥–∞ start –æ—Ç 2139803840
2023-02-06 15:40:12,229 INFO –ø—Ä–∏—à–ª–∞ –∫–æ–º–∞–Ω–¥–∞ start –æ—Ç 505034770
2023-02-06 15:48:21,987 INFO –∑–∞–≥–∞–¥–∞–Ω–Ω–æ–µ —á–∏—Å–ª–æ ['3', '5', '9', '0']
2023-02-06 15:48:27,726 INFO –∑–∞–≥–∞–¥–∞–Ω–Ω–æ–µ —á–∏—Å–ª–æ ['3', '5', '9', '0']
2023-02-06 15:48:27,929 INFO –ø—Ä–∏—à–ª–∞ –∫–æ–º–∞–Ω–¥–∞ start –æ—Ç 505034770
2023-02-06 15:48:42,503 INFO –ø—Ä–∏—à–ª–∞ –∫–æ–º–∞–Ω–¥–∞ start –æ—Ç 2139803840
2023-02-06 15:48:46,957 INFO –∑–∞–≥–∞–¥–∞–Ω–Ω–æ–µ —á–∏—Å–ª–æ ['3', '5', '9', '0']
2023-02-06 15:48:49,285 INFO –∑–∞–≥–∞–¥–∞–Ω–Ω–æ–µ —á–∏—Å–ª–æ ['3', '5', '9', '0']
2023-02-06 15:48:52,501 INFO –∑–∞–≥–∞–¥–∞–Ω–Ω–æ–µ —á–∏—Å–ª–æ ['3', '5', '9', '0']
2023-02-06 15:49:03,362 INFO –∑–∞–≥–∞–¥–∞–Ω–Ω–æ–µ —á–∏—Å–ª–æ ['3', '5', '9', '0']
2023-02-06 15:49:03,572 INFO –ø—Ä–∏—à–ª–∞ –∫–æ–º–∞–Ω–¥–∞ start –æ—Ç 505034770
2023-02-06 15:49:09,758 INFO –∑–∞–≥–∞–¥–∞–Ω–Ω–æ–µ —á–∏—Å–ª–æ ['3', '5', '9', '0']
2023-02-06 15:49:11,452 INFO –∑–∞–≥–∞–¥–∞–Ω–Ω–æ–µ —á–∏—Å–ª–æ ['3', '5', '9', '0']
2023-02-06 15:49:11,651 INFO –ø—Ä–∏—à–ª–∞ –∫–æ–º–∞–Ω–¥–∞ start –æ—Ç 505034770
2023-02-06 15:49:17,965 INFO –∑–∞–≥–∞–¥–∞–Ω–Ω–æ–µ —á–∏—Å–ª–æ ['3', '5', '9', '0']
2023-02-06 15:49:25,100 INFO –∑–∞–≥–∞–¥–∞–Ω–Ω–æ–µ —á–∏—Å–ª–æ ['3', '5', '9', '0']
2023-02-06 15:49:31,974 INFO –∑–∞–≥–∞–¥–∞–Ω–Ω–æ–µ —á–∏—Å–ª–æ ['3', '5', '9', '0']
2023-02-06 15:49:32,172 INFO –ø—Ä–∏—à–ª–∞ –∫–æ–º–∞–Ω–¥–∞ start –æ—Ç 2139803840
2023-02-06 15:51:14,365 INFO –∑–∞–≥–∞–¥–∞–Ω–Ω–æ–µ —á–∏—Å–ª–æ ['3', '5', '9', '0']
2023-02-06 15:51:14,563 INFO –ø—Ä–∏—à–ª–∞ –∫–æ–º–∞–Ω–¥–∞ start –æ—Ç 505034770
2023-02-06 15:53:23,143 INFO –∑–∞–≥–∞–¥–∞–Ω–Ω–æ–µ —á–∏—Å–ª–æ ['3', '4', '5', '9']
2023-02-06 15:53:38,298 INFO –ø—Ä–∏—à–ª–∞ –∫–æ–º–∞–Ω–¥–∞ start –æ—Ç 2139803840
2023-02-06 15:53:45,343 INFO –∑–∞–≥–∞–¥–∞–Ω–Ω–æ–µ —á–∏—Å–ª–æ ['3', '4', '5', '9']
2023-02-06 15:54:01,142 INFO –∑–∞–≥–∞–¥–∞–Ω–Ω–æ–µ —á–∏—Å–ª–æ ['3', '4', '5', '9']
2023-02-06 15:54:01,350 INFO –ø—Ä–∏—à–ª–∞ –∫–æ–º–∞–Ω–¥–∞ start –æ—Ç 2139803840
2023-02-06 15:58:26,436 INFO –ø—Ä–∏—à–ª–∞ –∫–æ–º–∞–Ω–¥–∞ start –æ—Ç 505034770
2023-02-06 15:58:33,791 INFO –∑–∞–≥–∞–¥–∞–Ω–Ω–æ–µ —á–∏—Å–ª–æ ['7', '4', '1', '8']
2023-02-06 15:58:39,660 INFO –∑–∞–≥–∞–¥–∞–Ω–Ω–æ–µ —á–∏—Å–ª–æ ['7', '4', '1', '8']
2023-02-06 15:58:39,870 INFO –ø—Ä–∏—à–ª–∞ –∫–æ–º–∞–Ω–¥–∞ start –æ—Ç 505034770
2023-02-06 15:58:45,259 INFO –ø—Ä–∏—à–ª–∞ –∫–æ–º–∞–Ω–¥–∞ start –æ—Ç 505034770
2023-02-06 15:58:55,770 INFO –∑–∞–≥–∞–¥–∞–Ω–Ω–æ–µ —á–∏—Å–ª–æ ['7', '8', '9', '0']
2023-02-06 17:18:50,994 INFO –ø—Ä–∏—à–ª–∞ –∫–æ–º–∞–Ω–¥–∞ start –æ—Ç 505034770
2023-02-06 17:25:37,458 INFO –ø—Ä–∏—à–ª–∞ –∫–æ–º–∞–Ω–¥–∞ start –æ—Ç 505034770
2023-02-06 17:26:05,980 INFO –ø—Ä–∏—à–ª–∞ –∫–æ–º–∞–Ω–¥–∞ start –æ—Ç 505034770
2023-02-06 18:45:05,585 INFO –ø—Ä–∏—à–ª–∞ –∫–æ–º–∞–Ω–¥–∞ start –æ—Ç 505034770
2023-02-06 19:20:33,758 INFO –ø—Ä–∏—à–ª–∞ –∫–æ–º–∞–Ω–¥–∞ start –æ—Ç 505034770
2023-02-06 19:20:39,349 INFO –ø—Ä–∏—à–ª–∞ –∫–æ–º–∞–Ω–¥–∞ start –æ—Ç 505034770
2023-02-06 19:20:47,675 INFO –∑–∞–≥–∞–¥–∞–Ω–Ω–æ–µ —á–∏—Å–ª–æ ['6', '1', '3', '7']
2023-02-06 19:20:51,549 INFO –∑–∞–≥–∞–¥–∞–Ω–Ω–æ–µ —á–∏—Å–ª–æ ['6', '1', '3', '7']
2023-02-06 19:20:58,192 INFO –∑–∞–≥–∞–¥–∞–Ω–Ω–æ–µ —á–∏—Å–ª–æ ['6', '1', '3', '7']
2023-02-06 19:20:58,419 INFO –ø—Ä–∏—à–ª–∞ –∫–æ–º–∞–Ω–¥–∞ start –æ—Ç 505034770
2023-02-06 19:21:07,819 INFO –∑–∞–≥–∞–¥–∞–Ω–Ω–æ–µ —á–∏—Å–ª–æ ['1', '7', '6', '3']
2023-02-06 19:21:46,730 INFO –∑–∞–≥–∞–¥–∞–Ω–Ω–æ–µ —á–∏—Å–ª–æ ['1', '7', '6', '3']
2023-02-06 19:21:57,551 INFO –ø—Ä–∏—à–ª–∞ –∫–æ–º–∞–Ω–¥–∞ start –æ—Ç 505034770
2023-02-06 19:22:25,562 INFO –∑–∞–≥–∞–¥–∞–Ω–Ω–æ–µ —á–∏—Å–ª–æ ['1', '7', '5', '3']
2023-02-06 19:22:30,081 INFO –∑–∞–≥–∞–¥–∞–Ω–Ω–æ–µ —á–∏—Å–ª–æ ['9', '0', '7', '4']
2023-02-06 19:22:38,015 INFO –∑–∞–≥–∞–¥–∞–Ω–Ω–æ–µ —á–∏—Å–ª–æ ['9', '0', '7', '4']
2023-02-06 19:22:41,201 INFO –∑–∞–≥–∞–¥–∞–Ω–Ω–æ–µ —á–∏—Å–ª–æ ['1', '7', '5', '3']
2023-02-06 19:23:04,445 INFO –∑–∞–≥–∞–¥–∞–Ω–Ω–æ–µ —á–∏—Å–ª–æ ['9', '0', '7', '4']
2023-02-06 19:23:11,773 INFO –∑–∞–≥–∞–¥–∞–Ω–Ω–æ–µ —á–∏—Å–ª–æ ['9', '0', '7', '4']
2023-02-06 19:23:11,993 INFO –ø—Ä–∏—à–ª–∞ –∫–æ–º–∞–Ω–¥–∞ start –æ—Ç 719976620
2023-02-06 19:23:17,642 INFO –∑–∞–≥–∞–¥–∞–Ω–Ω–æ–µ —á–∏—Å–ª–æ ['1', '7', '5', '3']
2023-02-06 19:23:17,847 INFO –ø—Ä–∏—à–ª–∞ –∫–æ–º–∞–Ω–¥–∞ start –æ—Ç 505034770
2023-02-06 19:23:25,380 INFO –∑–∞–≥–∞–¥–∞–Ω–Ω–æ–µ —á–∏—Å–ª–æ ['4', '0', '5', '2']
2023-02-06 19:23:25,886 INFO –ø—Ä–∏—à–ª–∞ –∫–æ–º–∞–Ω–¥–∞ start –æ—Ç 719976620
2023-02-06 19:23:33,073 INFO –∑–∞–≥–∞–¥–∞–Ω–Ω–æ–µ —á–∏—Å–ª–æ ['9', '3', '7', '2']
2023-02-06 19:23:44,838 INFO –∑–∞–≥–∞–¥–∞–Ω–Ω–æ–µ —á–∏—Å–ª–æ ['4', '0', '5', '2']
2023-02-06 19:23:45,098 INFO –ø—Ä–∏—à–ª–∞ –∫–æ–º–∞–Ω–¥–∞ start –æ—Ç 505034770
2023-02-06 19:25:14,181 INFO –∑–∞–≥–∞–¥–∞–Ω–Ω–æ–µ —á–∏—Å–ª–æ ['9', '3', '7', '2']
2023-02-06 19:25:18,434 INFO –∑–∞–≥–∞–¥–∞–Ω–Ω–æ–µ —á–∏—Å–ª–æ ['9', '3', '7', '2']
2023-02-06 19:25:25,058 INFO –∑–∞–≥–∞–¥–∞–Ω–Ω–æ–µ —á–∏—Å–ª–æ ['9', '3', '7', '2']
2023-02-06 19:25:32,314 INFO –ø—Ä–∏—à–ª–∞ –∫–æ–º–∞–Ω–¥–∞ start –æ—Ç 719976620
